DiagnosticsPlugin.exe Information: 0 : [25.05.2023 08:34:38] Starting DiagnosticPlugin.exe DiagnosticPlugin-ShutdownEvent DiagnosticPlugin-TotalShutdownEvent -wadVer1v5
DiagnosticsPlugin.exe Error: 0 : [25.05.2023 08:34:38] Failed to save IIS Directory state
DiagnosticsPlugin.exe Error: 0 : [25.05.2023 08:34:38] System.Runtime.InteropServices.COMException (0x80040154): Pobranie fabryki klasy COM dla składnika o identyfikatorze CLSID {2B72133B-3F5B-4602-8952-803546CE3344} nie powiodło się z powodu następującego błędu: 80040154 Klasa niezarejestrowana. (Wyjątek od HRESULT: 0x80040154 (REGDB_E_CLASSNOTREG)).
   w System.Runtime.Remoting.RemotingServices.AllocateUninitializedObject(RuntimeType objectType)
   w System.Runtime.Remoting.Activation.ActivationServices.CreateInstance(RuntimeType serverType)
   w System.Runtime.Remoting.Activation.ActivationServices.IsCurrentContextOK(RuntimeType serverType, Object[] props, Boolean bNewObj)
   w System.RuntimeTypeHandle.CreateInstance(RuntimeType type, Boolean publicOnly, Boolean noCheck, Boolean& canBeCached, RuntimeMethodHandleInternal& ctor, Boolean& bNeedSecurityCheck)
   w System.RuntimeType.CreateInstanceSlow(Boolean publicOnly, Boolean skipCheckThis, Boolean fillCache, StackCrawlMark& stackMark)
   w System.Activator.CreateInstance[T]()
   w Microsoft.Web.Administration.ConfigurationManager.CreateAdminManager[TClass,TInterface](WebConfigurationMap webConfigMap, Boolean isAdminConfig)
   w Microsoft.Web.Administration.ConfigurationManager.CreateConfiguration(WebConfigurationMap configMap, String configPathToEdit, Boolean isAdminConfig)
   w Microsoft.Web.Administration.ConfigurationManager.GetConfiguration(String rawConfigurationPath, String cacheKey, Boolean isAdminConfig)
   w Microsoft.Web.Administration.ServerManager.get_SitesSection()
   w Microsoft.Web.Administration.ServerManager.get_Sites()
   w Microsoft.Azure.Plugins.Plugin.DiagnosticsPluginManager.SaveIISDirectoryState()
DiagnosticsPlugin.exe Information: 0 : [25.05.2023 08:34:39] Starting DiagnosticsPlugin
DiagnosticsPlugin.exe Information: 0 : [25.05.2023 08:34:39] Emulator config file set to C:\Users\Michał Kuprianowicz\Desktop\Informatyka\KSR-Lab\Lab12\AzureCloudService1\csx\Debug\roles\WorkerRole1\approot\diagnostics.wadcfgx
DiagnosticsPlugin.exe Information: 0 : [25.05.2023 08:34:39] DiagnosticsStoreRootPath set to: C:\Users\Michał Kuprianowicz\AppData\Local\dftmp\Resources\49d141d1-0d28-4381-bbc9-562dac4e8935
DiagnosticsPlugin.exe Information: 0 : [25.05.2023 08:34:39] Loading config file: C:\Users\Michał Kuprianowicz\Desktop\Informatyka\KSR-Lab\Lab12\AzureCloudService1\csx\Debug\roles\WorkerRole1\approot\diagnostics.wadcfgx
DiagnosticsPlugin.exe Information: 0 : [25.05.2023 08:34:39] Config file to read: C:\Users\Michał Kuprianowicz\Desktop\Informatyka\KSR-Lab\Lab12\AzureCloudService1\csx\Debug\roles\WorkerRole1\approot\diagnostics.wadcfgx
DiagnosticsPlugin.exe Information: 0 : [25.05.2023 08:34:39] Checking VM Type
DiagnosticsPlugin.exe Information: 0 : [25.05.2023 08:34:39] Emulator config file set to C:\Users\Michał Kuprianowicz\Desktop\Informatyka\KSR-Lab\Lab12\AzureCloudService1\csx\Debug\roles\WorkerRole1\approot\diagnostics.wadcfgx
DiagnosticsPlugin.exe Information: 0 : [25.05.2023 08:34:39] Extension set to Emulator Mode
DiagnosticsPlugin.exe Information: 0 : [25.05.2023 08:34:39] Reading XML configuration file
DiagnosticsPlugin.exe Information: 0 : [25.05.2023 08:34:39] Bypassing private config decryption
DiagnosticsPlugin.exe Information: 0 : [25.05.2023 08:34:39] WadCfg is provided in initial configuration. Using that to initialize Diagnostics.
DiagnosticsPlugin.exe Information: 0 : [25.05.2023 08:34:39] <PublicConfig xmlns="http://schemas.microsoft.com/ServiceHosting/2010/10/DiagnosticsConfiguration">
  <WadCfg>
    <DiagnosticMonitorConfiguration overallQuotaInMB="4096">
      <DiagnosticInfrastructureLogs scheduledTransferLogLevelFilter="Error" />
      <Logs scheduledTransferPeriod="PT1M" scheduledTransferLogLevelFilter="Error" />
      <Directories scheduledTransferPeriod="PT1M">
        <IISLogs containerName="wad-iis-logfiles" />
        <FailedRequestLogs containerName="wad-failedrequestlogs" />
      </Directories>
      <WindowsEventLog scheduledTransferPeriod="PT1M">
        <DataSource name="Application!*[System[(Level=1 or Level=2 or Level=3)]]" />
        <DataSource name="Windows Azure!*[System[(Level=1 or Level=2 or Level=3 or Level=4)]]" />
      </WindowsEventLog>
      <CrashDumps containerName="wad-crashdumps" dumpType="Mini">
        <CrashDumpConfiguration processName="WaIISHost.exe" />
        <CrashDumpConfiguration processName="WaWorkerHost.exe" />
        <CrashDumpConfiguration processName="w3wp.exe" />
      </CrashDumps>
      <PerformanceCounters scheduledTransferPeriod="PT1M">
        <PerformanceCounterConfiguration counterSpecifier="\Memory\Available MBytes" sampleRate="PT3M" />
        <PerformanceCounterConfiguration counterSpecifier="\Web Service(_Total)\ISAPI Extension Requests/sec" sampleRate="PT3M" />
        <PerformanceCounterConfiguration counterSpecifier="\Web Service(_Total)\Bytes Total/Sec" sampleRate="PT3M" />
        <PerformanceCounterConfiguration counterSpecifier="\ASP.NET Applications(__Total__)\Requests/Sec" sampleRate="PT3M" />
        <PerformanceCounterConfiguration counterSpecifier="\ASP.NET Applications(__Total__)\Errors Total/Sec" sampleRate="PT3M" />
        <PerformanceCounterConfiguration counterSpecifier="\ASP.NET\Requests Queued" sampleRate="PT3M" />
        <PerformanceCounterConfiguration counterSpecifier="\ASP.NET\Requests Rejected" sampleRate="PT3M" />
        <PerformanceCounterConfiguration counterSpecifier="\Processor(_Total)\% Processor Time" sampleRate="PT3M" />
      </PerformanceCounters>
    </DiagnosticMonitorConfiguration>
  </WadCfg>
  <StorageAccount>devstoreaccount1</StorageAccount>
</PublicConfig>
DiagnosticsPlugin.exe Information: 0 : [25.05.2023 08:34:39] Private setting is loaded
DiagnosticsPlugin.exe Information: 0 : [25.05.2023 08:34:39] Is config json/xml loaded
DiagnosticsPlugin.exe Information: 0 : [25.05.2023 08:34:39] Checking if configuration needs to be fetched from the storage account and doing so if needed.
DiagnosticsPlugin.exe Information: 0 : [25.05.2023 08:34:39] Successfully created checkpoint file C:\Users\Michał Kuprianowicz\AppData\Local\dftmp\Resources\49d141d1-0d28-4381-bbc9-562dac4e8935\WAD0105\Configuration\Checkpoint.txt
DiagnosticsPlugin.exe Information: 0 : [25.05.2023 08:34:39] Will use local resource directory C:\Users\Michał Kuprianowicz\AppData\Local\dftmp\Resources\49d141d1-0d28-4381-bbc9-562dac4e8935\WAD0105
DiagnosticsPlugin.exe Information: 0 : [25.05.2023 08:34:39] Will use endpoint https://core.windows.net for storage.
DiagnosticsPlugin.exe Information: 0 : [25.05.2023 08:34:40] Exception in creating the ServerManager; is IIS installed?
 Error:System.Runtime.InteropServices.COMException (0x80040154): Pobranie fabryki klasy COM dla składnika o identyfikatorze CLSID {2B72133B-3F5B-4602-8952-803546CE3344} nie powiodło się z powodu następującego błędu: 80040154 Klasa niezarejestrowana. (Wyjątek od HRESULT: 0x80040154 (REGDB_E_CLASSNOTREG)).
   w System.Runtime.Remoting.RemotingServices.AllocateUninitializedObject(RuntimeType objectType)
   w System.Runtime.Remoting.Activation.ActivationServices.CreateInstance(RuntimeType serverType)
   w System.Runtime.Remoting.Activation.ActivationServices.IsCurrentContextOK(RuntimeType serverType, Object[] props, Boolean bNewObj)
   w System.RuntimeTypeHandle.CreateInstance(RuntimeType type, Boolean publicOnly, Boolean noCheck, Boolean& canBeCached, RuntimeMethodHandleInternal& ctor, Boolean& bNeedSecurityCheck)
   w System.RuntimeType.CreateInstanceSlow(Boolean publicOnly, Boolean skipCheckThis, Boolean fillCache, StackCrawlMark& stackMark)
   w System.Activator.CreateInstance[T]()
   w Microsoft.Web.Administration.ConfigurationManager.CreateAdminManager[TClass,TInterface](WebConfigurationMap webConfigMap, Boolean isAdminConfig)
   w Microsoft.Web.Administration.ConfigurationManager.CreateConfiguration(WebConfigurationMap configMap, String configPathToEdit, Boolean isAdminConfig)
   w Microsoft.Web.Administration.ConfigurationManager.GetConfiguration(String rawConfigurationPath, String cacheKey, Boolean isAdminConfig)
   w Microsoft.Web.Administration.ServerManager.get_SitesSection()
   w Microsoft.Web.Administration.ServerManager.get_Sites()
   w Microsoft.Azure.Plugins.Plugin.WadConfigProcessor.AddDirectories(EventsType mdsEvents, Directories wadDirectories)
DiagnosticsPlugin.exe Information: 0 : [25.05.2023 08:34:40] Running in emulator mode, crash dumps not enabled
DiagnosticsPlugin.exe Information: 0 : [25.05.2023 08:34:40] Checking to see if Application Insights extension needs to be configured.
DiagnosticsPlugin.exe Information: 0 : [25.05.2023 08:34:40] In emulator mode and using devstore updating XStoreAccount info, command line args: -LocalPath "C:\Users\Michał Kuprianowicz\AppData\Local\dftmp\Resources\49d141d1-0d28-4381-bbc9-562dac4e8935\WAD0105"  -ConfigFile "C:\Users\Michał Kuprianowicz\AppData\Local\dftmp\Resources\49d141d1-0d28-4381-bbc9-562dac4e8935\WAD0105\Configuration\MaConfig.xml" -ShutDownEvent WADDM-ShutDown-abe41feaf59a4ad3a320afcfbd7af8cf  -TotalShutDownEvent WADDM-TotalShutDown-abe41feaf59a4ad3a320afcfbd7af8cf -InitializedEvent WADM-StartUp-abe41feaf59a4ad3a320afcfbd7af8cf -parent 15860 -events -wadVer1v5 -UseProxyServer -XStoreAccounts WadAccount#true#devstoreaccount1#Eby8vdM02xNOcqFlqUwJPLlmEtlCDXJ1OUzFT50uSRZ6IFsuFq2UVErCz4I6tq/K1SZFPTOtr/KBHBeksoGMGw==#http://127.0.0.1:10002#http://127.0.0.1:10001#http://127.0.0.1:10000
DiagnosticsPlugin.exe Error: 0 : [25.05.2023 08:35:11] Microsoft.Cis.Monitoring.Query.QueryException: ErrorFail
   w Microsoft.Cis.Monitoring.Query.QueryLocalTable..ctor(String TableName, String TablePath)
   w ApplicationInsightsExtension.MATableReader.ReadTableRecords(String tableName, String tablePath, DateTime startTime, DateTime endTime)
   w Microsoft.Azure.Plugins.Diagnostics.dll.MAStatusWriter.UpdateStatusReport(Object sender, ElapsedEventArgs e)
DiagnosticsPlugin.exe Information: 0 : [25.05.2023 08:35:40] MonAgentHost.exe started
DiagnosticsPlugin.exe Information: 0 : [25.05.2023 08:35:40] DiagnoticsPlugin started.
DiagnosticsPlugin.exe Information: 0 : [25.05.2023 08:35:40] DiagnoticsPlugin now waiting on events "DiagnosticPlugin-ShutdownEvent", "DiagnosticPlugin-TotalShutdownEvent" or "DiagnosticPlugin-RestartEvent".
DiagnosticsPlugin.exe Error: 0 : [25.05.2023 08:35:40] Microsoft.Cis.Monitoring.Query.QueryException: ErrorFail
   w Microsoft.Cis.Monitoring.Query.QueryLocalTable..ctor(String TableName, String TablePath)
   w ApplicationInsightsExtension.MATableReader.ReadTableRecords(String tableName, String tablePath, DateTime startTime, DateTime endTime)
   w Microsoft.Azure.Plugins.Diagnostics.dll.MAStatusWriter.UpdateStatusReport(Object sender, ElapsedEventArgs e)
DiagnosticsPlugin.exe Error: 0 : [25.05.2023 08:36:10] Microsoft.Cis.Monitoring.Query.QueryException: ErrorFail
   w Microsoft.Cis.Monitoring.Query.QueryLocalTable..ctor(String TableName, String TablePath)
   w ApplicationInsightsExtension.MATableReader.ReadTableRecords(String tableName, String tablePath, DateTime startTime, DateTime endTime)
   w Microsoft.Azure.Plugins.Diagnostics.dll.MAStatusWriter.UpdateStatusReport(Object sender, ElapsedEventArgs e)
